Using pre-set license
Built from '2020.3/staging' branch; Version is '2020.3.11f1 (99c7afb366b3) revision 10078127'; Using compiler version '192528614'; Build Type 'Release'
OS: 'Windows 10 Home Single Language; OS build 19041.1052; Version 2004; 64bit' Language: 'ru' Physical Memory: 16221 MB
BatchMode: 1, IsHumanControllingUs: 0, StartBugReporterOnCrash: 0, Is64bit: 1, IsPro: 0

 COMMAND LINE ARGUMENTS:
C:\Program Files\Unity Editors\2020.3.11f1\Editor\Unity.exe
-adb2
-batchMode
-noUpm
-name
AssetImportWorker0
-projectPath
D:/NewUnityProjects/RayDashFinal
-logFile
Logs/AssetImportWorker0.log
-srvPort
58138
Successfully changed project path to: D:/NewUnityProjects/RayDashFinal
D:/NewUnityProjects/RayDashFinal
Using Asset Import Pipeline V2.
Refreshing native plugins compatible for Editor in 35.56 ms, found 2 plugins.
Preloading 0 native plugins for Editor in 0.00 ms.
Initialize engine version: 2020.3.11f1 (99c7afb366b3)
[Subsystems] Discovering subsystems at path C:/Program Files/Unity Editors/2020.3.11f1/Editor/Data/Resources/UnitySubsystems
[Subsystems] Discovering subsystems at path D:/NewUnityProjects/RayDashFinal/Assets
GfxDevice: creating device client; threaded=0
Direct3D:
    Version:  Direct3D 11.0 [level 11.1]
    Renderer: NVIDIA GeForce GTX 1650 (ID=0x1f91)
    Vendor:   
    VRAM:     3962 MB
    Driver:   27.21.14.5167
Initialize mono
Mono path[0] = 'C:/Program Files/Unity Editors/2020.3.11f1/Editor/Data/Managed'
Mono path[1] = 'C:/Program Files/Unity Editors/2020.3.11f1/Editor/Data/MonoBleedingEdge/lib/mono/unityjit'
Mono config path = 'C:/Program Files/Unity Editors/2020.3.11f1/Editor/Data/MonoBleedingEdge/etc'
Using monoOptions --debugger-agent=transport=dt_socket,embedding=1,server=y,suspend=n,address=127.0.0.1:56360
Begin MonoManager ReloadAssembly
Registering precompiled unity dll's ...
Register platform support module: C:/Program Files/Unity Editors/2020.3.11f1/Editor/Data/PlaybackEngines/WindowsStandaloneSupport/UnityEditor.WindowsStandalone.Extensions.dll
Registered in 0.001812 seconds.
Native extension for WindowsStandalone target not found
Refreshing native plugins compatible for Editor in 30.68 ms, found 2 plugins.
Preloading 0 native plugins for Editor in 0.00 ms.
Mono: successfully reloaded assembly
- Completed reload, in  1.515 seconds
Platform modules already initialized, skipping
Registering precompiled user dll's ...
Registered in 0.005955 seconds.
Begin MonoManager ReloadAssembly
Native extension for WindowsStandalone target not found
Refreshing native plugins compatible for Editor in 0.39 ms, found 2 plugins.
Preloading 0 native plugins for Editor in 0.00 ms.
Mono: successfully reloaded assembly
- Completed reload, in  0.947 seconds
Platform modules already initialized, skipping
========================================================================
Worker process is ready to serve import requests
Launched and connected shader compiler UnityShaderCompiler.exe after 0.04 seconds
Refreshing native plugins compatible for Editor in 0.72 ms, found 2 plugins.
Preloading 0 native plugins for Editor in 0.00 ms.
Unloading 1813 Unused Serialized files (Serialized files now loaded: 0)
System memory in use before: 77.3 MB.
System memory in use after: 77.4 MB.

Unloading 34 unused Assets to reduce memory usage. Loaded Objects now: 2248.
Total: 5.237100 ms (FindLiveObjects: 0.173000 ms CreateObjectMapping: 0.049800 ms MarkObjects: 4.988900 ms  DeleteObjects: 0.024300 ms)

========================================================================
Received Import Request.
  path: Assets/Sprites/Saw.png
  artifactKey: Guid(7c06ded640f3f8141887f7dfbb690aab) Importer(815301076,1909f56bfc062723c751e8b465ee728b)
Start importing Assets/Sprites/Saw.png using Guid(7c06ded640f3f8141887f7dfbb690aab) Importer(815301076,1909f56bfc062723c751e8b465ee728b)  -> (artifact id: 'eb2cf090da779dc39bc6df9b522cc923') in 0.128111 seconds
  Import took 0.131368 seconds .

========================================================================
Received Import Request.
  Time since last request: 0.000249 seconds.
  path: Assets/Sprites/Portal.png
  artifactKey: Guid(a368af2f50ddf044899f6dea59b30413) Importer(815301076,1909f56bfc062723c751e8b465ee728b)
Start importing Assets/Sprites/Portal.png using Guid(a368af2f50ddf044899f6dea59b30413) Importer(815301076,1909f56bfc062723c751e8b465ee728b)  -> (artifact id: 'bf953a0535d52d8732563227f2704f39') in 0.037891 seconds
  Import took 0.040968 seconds .

========================================================================
Received Import Request.
  Time since last request: 0.000266 seconds.
  path: Assets/Sprites/StarUI.png
  artifactKey: Guid(01c818efa9445994195cd37681489aea) Importer(815301076,1909f56bfc062723c751e8b465ee728b)
Start importing Assets/Sprites/StarUI.png using Guid(01c818efa9445994195cd37681489aea) Importer(815301076,1909f56bfc062723c751e8b465ee728b)  -> (artifact id: 'e3bb5bc014d2fcb97b8e71fa8eb24767') in 0.021383 seconds
  Import took 0.024634 seconds .

========================================================================
Received Import Request.
  Time since last request: 0.000291 seconds.
  path: Assets/Sprites/Bullet.png
  artifactKey: Guid(9e0418530c01bf04b9cc304528301945) Importer(815301076,1909f56bfc062723c751e8b465ee728b)
Start importing Assets/Sprites/Bullet.png using Guid(9e0418530c01bf04b9cc304528301945) Importer(815301076,1909f56bfc062723c751e8b465ee728b)  -> (artifact id: 'c280ce7758b380df8b70411854e20f32') in 0.021742 seconds
  Import took 0.024847 seconds .

========================================================================
Received Import Request.
  Time since last request: 0.000290 seconds.
  path: Assets/Sprites/Lightning.png
  artifactKey: Guid(5342300c80bed6847a9dd154a3ea1518) Importer(815301076,1909f56bfc062723c751e8b465ee728b)
Start importing Assets/Sprites/Lightning.png using Guid(5342300c80bed6847a9dd154a3ea1518) Importer(815301076,1909f56bfc062723c751e8b465ee728b)  -> (artifact id: 'bd179762171a797684943f9f6bfafca4') in 0.023660 seconds
  Import took 0.027484 seconds .

========================================================================
Received Import Request.
  Time since last request: 0.000239 seconds.
  path: Assets/Sprites/Segment.png
  artifactKey: Guid(61de45aedb26b51458515bf2279885a4) Importer(815301076,1909f56bfc062723c751e8b465ee728b)
Start importing Assets/Sprites/Segment.png using Guid(61de45aedb26b51458515bf2279885a4) Importer(815301076,1909f56bfc062723c751e8b465ee728b)  -> (artifact id: '4625e112e316adf976259b9b25cea4af') in 0.018479 seconds
  Import took 0.022211 seconds .

========================================================================
Received Import Request.
  Time since last request: 0.000311 seconds.
  path: Assets/Sprites/Lightning4.png
  artifactKey: Guid(69982bd51022ce947be54573bade5389) Importer(815301076,1909f56bfc062723c751e8b465ee728b)
Start importing Assets/Sprites/Lightning4.png using Guid(69982bd51022ce947be54573bade5389) Importer(815301076,1909f56bfc062723c751e8b465ee728b)  -> (artifact id: '4d89420a55ac238f62c0d567e7cc0673') in 0.023762 seconds
  Import took 0.027082 seconds .

========================================================================
Received Import Request.
  Time since last request: 0.000296 seconds.
  path: Assets/Sprites/Star.png
  artifactKey: Guid(1c484156adf828f45bb6e76f650110fd) Importer(815301076,1909f56bfc062723c751e8b465ee728b)
Start importing Assets/Sprites/Star.png using Guid(1c484156adf828f45bb6e76f650110fd) Importer(815301076,1909f56bfc062723c751e8b465ee728b)  -> (artifact id: '1a92fcf179ba45ccce41d643b94fcee2') in 0.019735 seconds
  Import took 0.022778 seconds .

========================================================================
Received Import Request.
  Time since last request: 0.000175 seconds.
  path: Assets/Sprites/Circle.png
  artifactKey: Guid(872b06c03cbeb824e85d11f933febedd) Importer(815301076,1909f56bfc062723c751e8b465ee728b)
Start importing Assets/Sprites/Circle.png using Guid(872b06c03cbeb824e85d11f933febedd) Importer(815301076,1909f56bfc062723c751e8b465ee728b)  -> (artifact id: 'dca4d76649bf2263374612867859031b') in 0.020125 seconds
  Import took 0.022581 seconds .

========================================================================
Received Import Request.
  Time since last request: 0.000197 seconds.
  path: Assets/Sprites/NodeCircle.png
  artifactKey: Guid(36bceeb263871484088bd22a8affead2) Importer(815301076,1909f56bfc062723c751e8b465ee728b)
Start importing Assets/Sprites/NodeCircle.png using Guid(36bceeb263871484088bd22a8affead2) Importer(815301076,1909f56bfc062723c751e8b465ee728b)  -> (artifact id: 'a240aca1306c6895ff0d452072a11900') in 0.019376 seconds
  Import took 0.022785 seconds .

========================================================================
Received Import Request.
  Time since last request: 0.000194 seconds.
  path: Assets/Sprites/Square.png
  artifactKey: Guid(ba02e18b87ac5d1488e2287319e0314d) Importer(815301076,1909f56bfc062723c751e8b465ee728b)
Start importing Assets/Sprites/Square.png using Guid(ba02e18b87ac5d1488e2287319e0314d) Importer(815301076,1909f56bfc062723c751e8b465ee728b)  -> (artifact id: '01dd145ccb8ad44fd79faef57e4239d7') in 0.017865 seconds
  Import took 0.020246 seconds .

========================================================================
Received Import Request.
  Time since last request: 0.000198 seconds.
  path: Assets/Sprites/SquareLarge.png
  artifactKey: Guid(f3088256d3109d94c841c4db5bac2601) Importer(815301076,1909f56bfc062723c751e8b465ee728b)
Start importing Assets/Sprites/SquareLarge.png using Guid(f3088256d3109d94c841c4db5bac2601) Importer(815301076,1909f56bfc062723c751e8b465ee728b)  -> (artifact id: '627ed30740c2de5f5ddc8ba1dc3fa1b8') in 0.011930 seconds
  Import took 0.014819 seconds .

========================================================================
Received Import Request.
  Time since last request: 0.000301 seconds.
  path: Assets/Sprites/Star2.png
  artifactKey: Guid(906f08cbab780314bab671df2e9738d4) Importer(815301076,1909f56bfc062723c751e8b465ee728b)
Start importing Assets/Sprites/Star2.png using Guid(906f08cbab780314bab671df2e9738d4) Importer(815301076,1909f56bfc062723c751e8b465ee728b)  -> (artifact id: 'b2295bb63c939e4700b6132e9026fc5b') in 0.017496 seconds
  Import took 0.020280 seconds .

========================================================================
Received Import Request.
  Time since last request: 0.000196 seconds.
  path: Assets/Sprites/RayLarge.png
  artifactKey: Guid(0609a5e9a105b7d4590a805ed48d46dc) Importer(815301076,1909f56bfc062723c751e8b465ee728b)
Start importing Assets/Sprites/RayLarge.png using Guid(0609a5e9a105b7d4590a805ed48d46dc) Importer(815301076,1909f56bfc062723c751e8b465ee728b)  -> (artifact id: 'd9d8029d502087a511377844e58d99d2') in 0.022087 seconds
  Import took 0.024914 seconds .

========================================================================
Received Import Request.
  Time since last request: 0.000157 seconds.
  path: Assets/Sprites/Ripple.png
  artifactKey: Guid(4ebf8fdb118f9764782e4252fbc56b0a) Importer(815301076,1909f56bfc062723c751e8b465ee728b)
Start importing Assets/Sprites/Ripple.png using Guid(4ebf8fdb118f9764782e4252fbc56b0a) Importer(815301076,1909f56bfc062723c751e8b465ee728b)  -> (artifact id: 'de7a2d5bb20bcf34f499c07f459ae024') in 0.017989 seconds
  Import took 0.020799 seconds .

========================================================================
Received Import Request.
  Time since last request: 0.000249 seconds.
  path: Assets/Materials&Shaders/BG.mat
  artifactKey: Guid(ec36c49c36f64e74f9d297e6f81ead24) Importer(815301076,1909f56bfc062723c751e8b465ee728b)
Start importing Assets/Materials&Shaders/BG.mat using Guid(ec36c49c36f64e74f9d297e6f81ead24) Importer(815301076,1909f56bfc062723c751e8b465ee728b)  -> (artifact id: '96a67f14a0ae72966fb67cb134e1a3a5') in 0.038261 seconds
  Import took 0.040904 seconds .

========================================================================
Received Import Request.
  Time since last request: 0.618665 seconds.
  path: Assets/Materials&Shaders/VerticalGradient.shader
  artifactKey: Guid(bf069964fca9496409a5e9b9ea52a309) Importer(815301076,1909f56bfc062723c751e8b465ee728b)
Start importing Assets/Materials&Shaders/VerticalGradient.shader using Guid(bf069964fca9496409a5e9b9ea52a309) Importer(815301076,1909f56bfc062723c751e8b465ee728b)  -> (artifact id: '194801d4f458ac8786a311bfa0d6d037') in 0.016694 seconds
  Import took 0.019296 seconds .

========================================================================
Received Import Request.
  Time since last request: 0.011135 seconds.
  path: Assets/Materials&Shaders/VerticalGradient.shader
  artifactKey: Guid(bf069964fca9496409a5e9b9ea52a309) Importer(815301076,1909f56bfc062723c751e8b465ee728b)
Start importing Assets/Materials&Shaders/VerticalGradient.shader using Guid(bf069964fca9496409a5e9b9ea52a309) Importer(815301076,1909f56bfc062723c751e8b465ee728b)  -> (artifact id: '194801d4f458ac8786a311bfa0d6d037') in 0.003192 seconds
  Import took 0.005998 seconds .

========================================================================
Received Import Request.
  Time since last request: 5.739810 seconds.
  path: Assets/Materials&Shaders/VFX
  artifactKey: Guid(83289d62ff4810e4f843de3d1e95ca1a) Importer(815301076,1909f56bfc062723c751e8b465ee728b)
Start importing Assets/Materials&Shaders/VFX using Guid(83289d62ff4810e4f843de3d1e95ca1a) Importer(815301076,1909f56bfc062723c751e8b465ee728b)  -> (artifact id: '71385cbb98f5468d419322fa9ef91d6e') in 0.006550 seconds
  Import took 0.009335 seconds .

========================================================================
Received Import Request.
  Time since last request: 0.072592 seconds.
  path: Assets/Materials&Shaders/VFX/Ef_FireParticle_01.mat
  artifactKey: Guid(291ee789344cb7f419beb9fb3f14300b) Importer(815301076,1909f56bfc062723c751e8b465ee728b)
Start importing Assets/Materials&Shaders/VFX/Ef_FireParticle_01.mat using Guid(291ee789344cb7f419beb9fb3f14300b) Importer(815301076,1909f56bfc062723c751e8b465ee728b)  -> (artifact id: '93190c2924ea045b8bc1bfcbcf1c31d6') in 0.043006 seconds
  Import took 0.045554 seconds .

========================================================================
Received Import Request.
  Time since last request: 0.000264 seconds.
  path: Assets/Materials&Shaders/VFX/Texture-Flash1.png
  artifactKey: Guid(f6655053109426b47bcd8a6da9f85fb8) Importer(815301076,1909f56bfc062723c751e8b465ee728b)
Start importing Assets/Materials&Shaders/VFX/Texture-Flash1.png using Guid(f6655053109426b47bcd8a6da9f85fb8) Importer(815301076,1909f56bfc062723c751e8b465ee728b)  -> (artifact id: 'a069ca625756efa819ce44afd21aa765') in 0.019183 seconds
  Import took 0.021865 seconds .

========================================================================
Received Import Request.
  Time since last request: 0.000192 seconds.
  path: Assets/Materials&Shaders/VFX/Texture-Flash3.png
  artifactKey: Guid(e14ea52c33ce70f4992bfb3bc2f16483) Importer(815301076,1909f56bfc062723c751e8b465ee728b)
Start importing Assets/Materials&Shaders/VFX/Texture-Flash3.png using Guid(e14ea52c33ce70f4992bfb3bc2f16483) Importer(815301076,1909f56bfc062723c751e8b465ee728b)  -> (artifact id: '423903757c50c1cc16d154cf187121fb') in 0.017512 seconds
  Import took 0.020274 seconds .

========================================================================
Received Import Request.
  Time since last request: 0.000261 seconds.
  path: Assets/Materials&Shaders/VFX/Lightning.mat
  artifactKey: Guid(46e926022039eae488a5b700546ede95) Importer(815301076,1909f56bfc062723c751e8b465ee728b)
Start importing Assets/Materials&Shaders/VFX/Lightning.mat using Guid(46e926022039eae488a5b700546ede95) Importer(815301076,1909f56bfc062723c751e8b465ee728b)  -> (artifact id: '17e74b42eccc3b7d0dfc4d56138b8e9c') in 0.042640 seconds
  Import took 0.045965 seconds .

========================================================================
Received Import Request.
  Time since last request: 0.000263 seconds.
  path: Assets/Materials&Shaders/VFX/Material-Flash.mat
  artifactKey: Guid(6f47c4356ba2d8b459315983c0da0422) Importer(815301076,1909f56bfc062723c751e8b465ee728b)
Start importing Assets/Materials&Shaders/VFX/Material-Flash.mat using Guid(6f47c4356ba2d8b459315983c0da0422) Importer(815301076,1909f56bfc062723c751e8b465ee728b)  -> (artifact id: '44a262df5021e23d48ce72b6aa2c321e') in 0.022822 seconds
  Import took 0.025303 seconds .

========================================================================
Received Import Request.
  Time since last request: 0.000285 seconds.
  path: Assets/Materials&Shaders/VFX/Star2.mat
  artifactKey: Guid(5dc26641702aa5d488b86d7fbc93f329) Importer(815301076,1909f56bfc062723c751e8b465ee728b)
Start importing Assets/Materials&Shaders/VFX/Star2.mat using Guid(5dc26641702aa5d488b86d7fbc93f329) Importer(815301076,1909f56bfc062723c751e8b465ee728b)  -> (artifact id: 'b289375515126453b373e335e3cc9663') in 0.018122 seconds
  Import took 0.020736 seconds .

========================================================================
Received Import Request.
  Time since last request: 0.000316 seconds.
  path: Assets/Materials&Shaders/VFX/VoxelEffects_Electro_02.FBX
  artifactKey: Guid(66581664c183e1046a01305e3866132e) Importer(815301076,1909f56bfc062723c751e8b465ee728b)
Start importing Assets/Materials&Shaders/VFX/VoxelEffects_Electro_02.FBX using Guid(66581664c183e1046a01305e3866132e) Importer(815301076,1909f56bfc062723c751e8b465ee728b)  -> (artifact id: '4914d0a29790cfaf94465ab9e4d89d46') in 0.250079 seconds
  Import took 0.252837 seconds .

========================================================================
Received Import Request.
  Time since last request: 0.000197 seconds.
  path: Assets/Materials&Shaders/VFX/Material-Cube.mat
  artifactKey: Guid(61dd939a4c6824143802a033276d2ac1) Importer(815301076,1909f56bfc062723c751e8b465ee728b)
Start importing Assets/Materials&Shaders/VFX/Material-Cube.mat using Guid(61dd939a4c6824143802a033276d2ac1) Importer(815301076,1909f56bfc062723c751e8b465ee728b)  -> (artifact id: 'efa5f9c383b606aaa58bd0cb18f5a894') in 0.020713 seconds
  Import took 0.023934 seconds .

========================================================================
Received Import Request.
  Time since last request: 0.000328 seconds.
  path: Assets/Materials&Shaders/VFX/Material-Flash3.mat
  artifactKey: Guid(cca0053a37ddf9341a5dc74e7ca06bf9) Importer(815301076,1909f56bfc062723c751e8b465ee728b)
Start importing Assets/Materials&Shaders/VFX/Material-Flash3.mat using Guid(cca0053a37ddf9341a5dc74e7ca06bf9) Importer(815301076,1909f56bfc062723c751e8b465ee728b)  -> (artifact id: '9327d3cb853c2dc74ffffa630b8b893c') in 0.019379 seconds
  Import took 0.022110 seconds .

========================================================================
Received Import Request.
  Time since last request: 0.000253 seconds.
  path: Assets/Materials&Shaders/VFX/VoxelEffects_Small_01.FBX
  artifactKey: Guid(9c2a6341d8b6ef54588d451d1f438651) Importer(815301076,1909f56bfc062723c751e8b465ee728b)
Start importing Assets/Materials&Shaders/VFX/VoxelEffects_Small_01.FBX using Guid(9c2a6341d8b6ef54588d451d1f438651) Importer(815301076,1909f56bfc062723c751e8b465ee728b)  -> (artifact id: '809f6ab8f0d70b5089f2b1a62abb11a6') in 0.023055 seconds
  Import took 0.026012 seconds .

========================================================================
Received Import Request.
  Time since last request: 0.000208 seconds.
  path: Assets/Materials&Shaders/VFX/Texure-SwordEffect3.png
  artifactKey: Guid(577900c097b9944ec866eedf0b191b01) Importer(815301076,1909f56bfc062723c751e8b465ee728b)
Start importing Assets/Materials&Shaders/VFX/Texure-SwordEffect3.png using Guid(577900c097b9944ec866eedf0b191b01) Importer(815301076,1909f56bfc062723c751e8b465ee728b)  -> (artifact id: 'e9a4e7edb8d52b3c5be19677837625a0') in 0.021217 seconds
  Import took 0.023938 seconds .

========================================================================
Received Import Request.
  Time since last request: 0.000247 seconds.
  path: Assets/Materials&Shaders/VFX/Material-Cloud2.mat
  artifactKey: Guid(d696f2a143b8d4f829e0d501f55ef07b) Importer(815301076,1909f56bfc062723c751e8b465ee728b)
Start importing Assets/Materials&Shaders/VFX/Material-Cloud2.mat using Guid(d696f2a143b8d4f829e0d501f55ef07b) Importer(815301076,1909f56bfc062723c751e8b465ee728b)  -> (artifact id: '2342ac90a867a1edeb59cd5a234e7440') in 0.025431 seconds
  Import took 0.028115 seconds .

========================================================================
Received Import Request.
  Time since last request: 0.000204 seconds.
  path: Assets/Materials&Shaders/VFX/VoxelEffects_Big_01.FBX
  artifactKey: Guid(4eb7f37ca2fbecb46abbf8a5931336e3) Importer(815301076,1909f56bfc062723c751e8b465ee728b)
Start importing Assets/Materials&Shaders/VFX/VoxelEffects_Big_01.FBX using Guid(4eb7f37ca2fbecb46abbf8a5931336e3) Importer(815301076,1909f56bfc062723c751e8b465ee728b)  -> (artifact id: '449f32990f26af124721d6a25bcf6826') in 0.025518 seconds
  Import took 0.028030 seconds .

========================================================================
Received Import Request.
  Time since last request: 0.000277 seconds.
  path: Assets/Materials&Shaders/VFX/VoxelEffects01.FBX
  artifactKey: Guid(9542884a535822e44a9dcb85722a1c00) Importer(815301076,1909f56bfc062723c751e8b465ee728b)
Start importing Assets/Materials&Shaders/VFX/VoxelEffects01.FBX using Guid(9542884a535822e44a9dcb85722a1c00) Importer(815301076,1909f56bfc062723c751e8b465ee728b)  -> (artifact id: '044d0dad737eab9a128fb623e18c264f') in 0.027660 seconds
  Import took 0.030479 seconds .

========================================================================
Received Import Request.
  Time since last request: 0.000280 seconds.
  path: Assets/Materials&Shaders/VFX/Ef_Glow.mat
  artifactKey: Guid(234eaa9fd977f9a4bb757721d34c5ce1) Importer(815301076,1909f56bfc062723c751e8b465ee728b)
Start importing Assets/Materials&Shaders/VFX/Ef_Glow.mat using Guid(234eaa9fd977f9a4bb757721d34c5ce1) Importer(815301076,1909f56bfc062723c751e8b465ee728b)  -> (artifact id: '14ad477652bb78abac4a2d5e9f00bbe6') in 0.017149 seconds
  Import took 0.020497 seconds .

========================================================================
Received Import Request.
  Time since last request: 0.000192 seconds.
  path: Assets/Materials&Shaders/VFX/VoxelEffects_Circle_01.FBX
  artifactKey: Guid(f8d7b0671ad302e45b35bc30f9e73352) Importer(815301076,1909f56bfc062723c751e8b465ee728b)
Start importing Assets/Materials&Shaders/VFX/VoxelEffects_Circle_01.FBX using Guid(f8d7b0671ad302e45b35bc30f9e73352) Importer(815301076,1909f56bfc062723c751e8b465ee728b)  -> (artifact id: '69ecd2764fc98fb848f1c3b36e5c605f') in 0.022917 seconds
  Import took 0.025532 seconds .

========================================================================
Received Import Request.
  Time since last request: 0.000259 seconds.
  path: Assets/Materials&Shaders/VFX/Star.mat
  artifactKey: Guid(b19a97b1688b81d4b89493fe44fd77f3) Importer(815301076,1909f56bfc062723c751e8b465ee728b)
Start importing Assets/Materials&Shaders/VFX/Star.mat using Guid(b19a97b1688b81d4b89493fe44fd77f3) Importer(815301076,1909f56bfc062723c751e8b465ee728b)  -> (artifact id: '3dee470807ce73d46bc573061a7e0096') in 0.018094 seconds
  Import took 0.020561 seconds .

========================================================================
Received Import Request.
  Time since last request: 0.000275 seconds.
  path: Assets/Materials&Shaders/VFX/VoxelEffects01.mat
  artifactKey: Guid(8ae8dabeab55a69448c71a4ba833c3fa) Importer(815301076,1909f56bfc062723c751e8b465ee728b)
Start importing Assets/Materials&Shaders/VFX/VoxelEffects01.mat using Guid(8ae8dabeab55a69448c71a4ba833c3fa) Importer(815301076,1909f56bfc062723c751e8b465ee728b)  -> (artifact id: 'b73eeef3b89e73eb3a5a59e8aafc2628') in 0.015708 seconds
  Import took 0.018508 seconds .

========================================================================
Received Import Request.
  Time since last request: 0.000370 seconds.
  path: Assets/Materials&Shaders/VFX/Lightning4.mat
  artifactKey: Guid(239461e21e0a6934e9c905f57d449cec) Importer(815301076,1909f56bfc062723c751e8b465ee728b)
Start importing Assets/Materials&Shaders/VFX/Lightning4.mat using Guid(239461e21e0a6934e9c905f57d449cec) Importer(815301076,1909f56bfc062723c751e8b465ee728b)  -> (artifact id: 'd4ef31caa897daf8157081da80207611') in 0.016033 seconds
  Import took 0.019274 seconds .

AssetImportWorkerClient::OnTransportError - code=2 error=End of file
